
2019-10-06 23:05:02,091 INFO: errors [in /home/dharmy-ko/Desktop/projects/udacity/artist_bookings/starter_code/app.py:472]
2019-10-06 23:07:10,160 INFO: errors [in /home/dharmy-ko/Desktop/projects/udacity/artist_bookings/starter_code/app.py:472]
2019-10-06 23:07:18,861 INFO: errors [in /home/dharmy-ko/Desktop/projects/udacity/artist_bookings/starter_code/app.py:472]
2019-10-06 23:09:36,303 INFO: errors [in app.py:472]
2019-10-06 23:10:29,237 INFO: errors [in /home/dharmy-ko/Desktop/projects/udacity/artist_bookings/starter_code/app.py:472]
2019-10-06 23:11:11,435 INFO: errors [in /home/dharmy-ko/Desktop/projects/udacity/artist_bookings/starter_code/app.py:472]
2019-10-07 00:31:58,387 INFO: errors [in /home/dharmy-ko/Desktop/projects/udacity/artist_bookings/starter_code/app.py:498]
2019-10-07 11:00:26,159 INFO: errors [in /home/dharmy-ko/Desktop/projects/udacity/artist_bookings/starter_code/app.py:492]
2019-10-07 11:00:50,431 INFO: errors [in /home/dharmy-ko/Desktop/projects/udacity/artist_bookings/starter_code/app.py:492]
2019-10-07 11:02:25,272 INFO: errors [in /home/dharmy-ko/Desktop/projects/udacity/artist_bookings/starter_code/app.py:484]
2019-10-07 11:02:33,815 INFO: errors [in /home/dharmy-ko/Desktop/projects/udacity/artist_bookings/starter_code/app.py:484]
2019-10-07 11:06:59,425 INFO: errors [in /home/dharmy-ko/Desktop/projects/udacity/artist_bookings/starter_code/app.py:484]
2019-10-07 11:07:06,102 INFO: errors [in /home/dharmy-ko/Desktop/projects/udacity/artist_bookings/starter_code/app.py:484]
2019-10-07 17:29:44,769 INFO: errors [in app.py:484]
2019-10-07 17:30:16,151 ERROR: Exception on /artists/create [GET] [in /home/dharmy-ko/Desktop/projects/udacity/artist_bookings/env/lib/python3.6/site-packages/flask/app.py:1891]
Traceback (most recent call last):
  File "/home/dharmy-ko/Desktop/projects/udacity/artist_bookings/env/lib/python3.6/site-packages/flask/app.py", line 2446, in wsgi_app
    response = self.full_dispatch_request()
  File "/home/dharmy-ko/Desktop/projects/udacity/artist_bookings/env/lib/python3.6/site-packages/flask/app.py", line 1951, in full_dispatch_request
    rv = self.handle_user_exception(e)
  File "/home/dharmy-ko/Desktop/projects/udacity/artist_bookings/env/lib/python3.6/site-packages/flask/app.py", line 1820, in handle_user_exception
    reraise(exc_type, exc_value, tb)
  File "/home/dharmy-ko/Desktop/projects/udacity/artist_bookings/env/lib/python3.6/site-packages/flask/_compat.py", line 39, in reraise
    raise value
  File "/home/dharmy-ko/Desktop/projects/udacity/artist_bookings/env/lib/python3.6/site-packages/flask/app.py", line 1949, in full_dispatch_request
    rv = self.dispatch_request()
  File "/home/dharmy-ko/Desktop/projects/udacity/artist_bookings/env/lib/python3.6/site-packages/flask/app.py", line 1935, in dispatch_request
    return self.view_functions[rule.endpoint](**req.view_args)
  File "app.py", line 387, in create_artist_form
    form = ArtistForm()
NameError: name 'ArtistForm' is not defined
